This file contains any messages produced by compilers while
running configure, to aid debugging if configure makes a mistake.

It was created by openvswitch configure 1.1.0pre2, which was
generated by GNU Autoconf 2.67.  Invocation command line was

  $ ./configure --with-l26=/usr/src/linux-headers-2.6.32-5-686/

## --------- ##
## Platform. ##
## --------- ##

hostname = switch4.ofsvc.odspracticum.wall.test
uname -m = i686
uname -r = 2.6.32-5-686
uname -s = Linux
uname -v = #1 SMP Mon Jun 13 04:13:06 UTC 2011

/usr/bin/uname -p = unknown
/bin/uname -X     = unknown

/bin/arch              = unknown
/usr/bin/arch -k       = unknown
/usr/convex/getsysinfo = unknown
/usr/bin/hostinfo      = unknown
/bin/machine           = unknown
/usr/bin/oslevel       = unknown
/bin/universe          = unknown

PATH: /usr/testbed/bin
PATH: /sbin
PATH: /bin
PATH: /usr/sbin
PATH: /usr/bin
PATH: /usr/games
PATH: /usr/local/sbin
PATH: /usr/local/bin
PATH: /usr/X11R6/bin
PATH: /users/stud16/bin


## ----------- ##
## Core tests. ##
## ----------- ##

configure:2256: checking build number
configure:2272: result: none
configure:2336: checking for a BSD-compatible install
configure:2404: result: /usr/bin/install -c
configure:2415: checking whether build environment is sane
configure:2465: result: yes
configure:2606: checking for a thread-safe mkdir -p
configure:2645: result: /bin/mkdir -p
configure:2658: checking for gawk
configure:2688: result: no
configure:2658: checking for mawk
configure:2674: found /usr/bin/mawk
configure:2685: result: mawk
configure:2696: checking whether make sets $(MAKE)
configure:2718: result: yes
configure:2847: checking for gcc
configure:2863: found /usr/bin/gcc
configure:2874: result: gcc
configure:3103: checking for C compiler version
configure:3112: gcc --version >&5
gcc (Debian 4.4.5-8) 4.4.5
Copyright (C) 2010 Free Software Foundation, Inc.
This is free software; see the source for copying conditions.  There is NO
warranty; not even for MERCHANTABILITY or FITNESS FOR A PARTICULAR PURPOSE.

configure:3123: $? = 0
configure:3112: gcc -v >&5
Using built-in specs.
Target: i486-linux-gnu
Configured with: ../src/configure -v --with-pkgversion='Debian 4.4.5-8' --with-bugurl=file:///usr/share/doc/gcc-4.4/README.Bugs --enable-languages=c,c++,fortran,objc,obj-c++ --prefix=/usr --program-suffix=-4.4 --enable-shared --enable-multiarch --enable-linker-build-id --with-system-zlib --libexecdir=/usr/lib --without-included-gettext --enable-threads=posix --with-gxx-include-dir=/usr/include/c++/4.4 --libdir=/usr/lib --enable-nls --enable-clocale=gnu --enable-libstdcxx-debug --enable-objc-gc --enable-targets=all --with-arch-32=i586 --with-tune=generic --enable-checking=release --build=i486-linux-gnu --host=i486-linux-gnu --target=i486-linux-gnu
Thread model: posix
gcc version 4.4.5 (Debian 4.4.5-8) 
configure:3123: $? = 0
configure:3112: gcc -V >&5
gcc: '-V' option must have argument
configure:3123: $? = 1
configure:3112: gcc -qversion >&5
gcc: unrecognized option '-qversion'
gcc: no input files
configure:3123: $? = 1
configure:3143: checking whether the C compiler works
configure:3165: gcc    conftest.c  >&5
configure:3169: $? = 0
configure:3217: result: yes
configure:3220: checking for C compiler default output file name
configure:3222: result: a.out
configure:3228: checking for suffix of executables
configure:3235: gcc -o conftest    conftest.c  >&5
configure:3239: $? = 0
configure:3261: result: 
configure:3283: checking whether we are cross compiling
configure:3291: gcc -o conftest    conftest.c  >&5
configure:3295: $? = 0
configure:3302: ./conftest
configure:3306: $? = 0
configure:3321: result: no
configure:3326: checking for suffix of object files
configure:3348: gcc -c   conftest.c >&5
configure:3352: $? = 0
configure:3373: result: o
configure:3377: checking whether we are using the GNU C compiler
configure:3396: gcc -c   conftest.c >&5
configure:3396: $? = 0
configure:3405: result: yes
configure:3414: checking whether gcc accepts -g
configure:3434: gcc -c -g  conftest.c >&5
configure:3434: $? = 0
configure:3475: result: yes
configure:3492: checking for gcc option to accept ISO C89
configure:3556: gcc  -c -g -O2  conftest.c >&5
configure:3556: $? = 0
configure:3569: result: none needed
configure:3600: checking for style of include used by make
configure:3628: result: GNU
configure:3653: checking dependency style of gcc
configure:3763: result: gcc3
configure:3779: checking whether gcc and cc understand -c and -o together
configure:3810: gcc -c conftest.c -o conftest2.o >&5
configure:3814: $? = 0
configure:3820: gcc -c conftest.c -o conftest2.o >&5
configure:3824: $? = 0
configure:3835: cc -c conftest.c >&5
configure:3839: $? = 0
configure:3847: cc -c conftest.c -o conftest2.o >&5
configure:3851: $? = 0
configure:3857: cc -c conftest.c -o conftest2.o >&5
configure:3861: $? = 0
configure:3879: result: yes
configure:3909: checking how to run the C preprocessor
configure:3940: gcc -E  conftest.c
configure:3940: $? = 0
configure:3954: gcc -E  conftest.c
conftest.c:12:28: error: ac_nonexistent.h: No such file or directory
configure:3954: $? = 1
configure: failed program was:
| /* confdefs.h */
| #define PACKAGE_NAME "openvswitch"
| #define PACKAGE_TARNAME "openvswitch"
| #define PACKAGE_VERSION "1.1.0pre2"
| #define PACKAGE_STRING "openvswitch 1.1.0pre2"
| #define PACKAGE_BUGREPORT "ovs-bugs@openvswitch.org"
| #define PACKAGE_URL ""
| #define BUILDNR ""
| #define PACKAGE "openvswitch"
| #define VERSION "1.1.0pre2"
| /* end confdefs.h.  */
| #include <ac_nonexistent.h>
configure:3979: result: gcc -E
configure:3999: gcc -E  conftest.c
configure:3999: $? = 0
configure:4013: gcc -E  conftest.c
conftest.c:12:28: error: ac_nonexistent.h: No such file or directory
configure:4013: $? = 1
configure: failed program was:
| /* confdefs.h */
| #define PACKAGE_NAME "openvswitch"
| #define PACKAGE_TARNAME "openvswitch"
| #define PACKAGE_VERSION "1.1.0pre2"
| #define PACKAGE_STRING "openvswitch 1.1.0pre2"
| #define PACKAGE_BUGREPORT "ovs-bugs@openvswitch.org"
| #define PACKAGE_URL ""
| #define BUILDNR ""
| #define PACKAGE "openvswitch"
| #define VERSION "1.1.0pre2"
| /* end confdefs.h.  */
| #include <ac_nonexistent.h>
configure:4084: checking for ranlib
configure:4100: found /usr/bin/ranlib
configure:4111: result: ranlib
configure:4134: checking for grep that handles long lines and -e
configure:4192: result: /bin/grep
configure:4197: checking for fgrep
configure:4259: result: /bin/grep -F
configure:4268: checking for perl
configure:4286: found /usr/bin/perl
configure:4299: result: /usr/bin/perl
configure:4313: checking for egrep
configure:4375: result: /bin/grep -E
configure:4380: checking for ANSI C header files
configure:4400: gcc -c -g -O2  conftest.c >&5
configure:4400: $? = 0
configure:4473: gcc -o conftest -g -O2   conftest.c  >&5
configure:4473: $? = 0
configure:4473: ./conftest
configure:4473: $? = 0
configure:4484: result: yes
configure:4497: checking for sys/types.h
configure:4497: gcc -c -g -O2  conftest.c >&5
configure:4497: $? = 0
configure:4497: result: yes
configure:4497: checking for sys/stat.h
configure:4497: gcc -c -g -O2  conftest.c >&5
configure:4497: $? = 0
configure:4497: result: yes
configure:4497: checking for stdlib.h
configure:4497: gcc -c -g -O2  conftest.c >&5
configure:4497: $? = 0
configure:4497: result: yes
configure:4497: checking for string.h
configure:4497: gcc -c -g -O2  conftest.c >&5
configure:4497: $? = 0
configure:4497: result: yes
configure:4497: checking for memory.h
configure:4497: gcc -c -g -O2  conftest.c >&5
configure:4497: $? = 0
configure:4497: result: yes
configure:4497: checking for strings.h
configure:4497: gcc -c -g -O2  conftest.c >&5
configure:4497: $? = 0
configure:4497: result: yes
configure:4497: checking for inttypes.h
configure:4497: gcc -c -g -O2  conftest.c >&5
configure:4497: $? = 0
configure:4497: result: yes
configure:4497: checking for stdint.h
configure:4497: gcc -c -g -O2  conftest.c >&5
configure:4497: $? = 0
configure:4497: result: yes
configure:4497: checking for unistd.h
configure:4497: gcc -c -g -O2  conftest.c >&5
configure:4497: $? = 0
configure:4497: result: yes
configure:4510: checking minix/config.h usability
configure:4510: gcc -c -g -O2  conftest.c >&5
conftest.c:55:26: error: minix/config.h: No such file or directory
configure:4510: $? = 1
configure: failed program was:
| /* confdefs.h */
| #define PACKAGE_NAME "openvswitch"
| #define PACKAGE_TARNAME "openvswitch"
| #define PACKAGE_VERSION "1.1.0pre2"
| #define PACKAGE_STRING "openvswitch 1.1.0pre2"
| #define PACKAGE_BUGREPORT "ovs-bugs@openvswitch.org"
| #define PACKAGE_URL ""
| #define BUILDNR ""
| #define PACKAGE "openvswitch"
| #define VERSION "1.1.0pre2"
| #define STDC_HEADERS 1
| #define HAVE_SYS_TYPES_H 1
| #define HAVE_SYS_STAT_H 1
| #define HAVE_STDLIB_H 1
| #define HAVE_STRING_H 1
| #define HAVE_MEMORY_H 1
| #define HAVE_STRINGS_H 1
| #define HAVE_INTTYPES_H 1
| #define HAVE_STDINT_H 1
| #define HAVE_UNISTD_H 1
| /* end confdefs.h.  */
| #include <stdio.h>
| #ifdef HAVE_SYS_TYPES_H
| # include <sys/types.h>
| #endif
| #ifdef HAVE_SYS_STAT_H
| # include <sys/stat.h>
| #endif
| #ifdef STDC_HEADERS
| # include <stdlib.h>
| # include <stddef.h>
| #else
| # ifdef HAVE_STDLIB_H
| #  include <stdlib.h>
| # endif
| #endif
| #ifdef HAVE_STRING_H
| # if !defined STDC_HEADERS && defined HAVE_MEMORY_H
| #  include <memory.h>
| # endif
| # include <string.h>
| #endif
| #ifdef HAVE_STRINGS_H
| # include <strings.h>
| #endif
| #ifdef HAVE_INTTYPES_H
| # include <inttypes.h>
| #endif
| #ifdef HAVE_STDINT_H
| # include <stdint.h>
| #endif
| #ifdef HAVE_UNISTD_H
| # include <unistd.h>
| #endif
| #include <minix/config.h>
configure:4510: result: no
configure:4510: checking minix/config.h presence
configure:4510: gcc -E  conftest.c
conftest.c:22:26: error: minix/config.h: No such file or directory
configure:4510: $? = 1
configure: failed program was:
| /* confdefs.h */
| #define PACKAGE_NAME "openvswitch"
| #define PACKAGE_TARNAME "openvswitch"
| #define PACKAGE_VERSION "1.1.0pre2"
| #define PACKAGE_STRING "openvswitch 1.1.0pre2"
| #define PACKAGE_BUGREPORT "ovs-bugs@openvswitch.org"
| #define PACKAGE_URL ""
| #define BUILDNR ""
| #define PACKAGE "openvswitch"
| #define VERSION "1.1.0pre2"
| #define STDC_HEADERS 1
| #define HAVE_SYS_TYPES_H 1
| #define HAVE_SYS_STAT_H 1
| #define HAVE_STDLIB_H 1
| #define HAVE_STRING_H 1
| #define HAVE_MEMORY_H 1
| #define HAVE_STRINGS_H 1
| #define HAVE_INTTYPES_H 1
| #define HAVE_STDINT_H 1
| #define HAVE_UNISTD_H 1
| /* end confdefs.h.  */
| #include <minix/config.h>
configure:4510: result: no
configure:4510: checking for minix/config.h
configure:4510: result: no
configure:4531: checking whether it is safe to define __EXTENSIONS__
configure:4549: gcc -c -g -O2  conftest.c >&5
configure:4549: $? = 0
configure:4556: result: yes
configure:4570: checking whether byte ordering is bigendian
configure:4585: gcc -c -g -O2  conftest.c >&5
conftest.c:28: error: expected '=', ',', ';', 'asm' or '__attribute__' before 'a'
configure:4585: $? = 1
configure: failed program was:
| /* confdefs.h */
| #define PACKAGE_NAME "openvswitch"
| #define PACKAGE_TARNAME "openvswitch"
| #define PACKAGE_VERSION "1.1.0pre2"
| #define PACKAGE_STRING "openvswitch 1.1.0pre2"
| #define PACKAGE_BUGREPORT "ovs-bugs@openvswitch.org"
| #define PACKAGE_URL ""
| #define BUILDNR ""
| #define PACKAGE "openvswitch"
| #define VERSION "1.1.0pre2"
| #define STDC_HEADERS 1
| #define HAVE_SYS_TYPES_H 1
| #define HAVE_SYS_STAT_H 1
| #define HAVE_STDLIB_H 1
| #define HAVE_STRING_H 1
| #define HAVE_MEMORY_H 1
| #define HAVE_STRINGS_H 1
| #define HAVE_INTTYPES_H 1
| #define HAVE_STDINT_H 1
| #define HAVE_UNISTD_H 1
| #define __EXTENSIONS__ 1
| #define _ALL_SOURCE 1
| #define _GNU_SOURCE 1
| #define _POSIX_PTHREAD_SEMANTICS 1
| #define _TANDEM_SOURCE 1
| /* end confdefs.h.  */
| #ifndef __APPLE_CC__
| 	       not a universal capable compiler
| 	     #endif
| 	     typedef int dummy;
| 
configure:4630: gcc -c -g -O2  conftest.c >&5
configure:4630: $? = 0
configure:4648: gcc -c -g -O2  conftest.c >&5
conftest.c: In function 'main':
conftest.c:34: error: 'not' undeclared (first use in this function)
conftest.c:34: error: (Each undeclared identifier is reported only once
conftest.c:34: error: for each function it appears in.)
conftest.c:34: error: expected ';' before 'big'
configure:4648: $? = 1
configure: failed program was:
| /* confdefs.h */
| #define PACKAGE_NAME "openvswitch"
| #define PACKAGE_TARNAME "openvswitch"
| #define PACKAGE_VERSION "1.1.0pre2"
| #define PACKAGE_STRING "openvswitch 1.1.0pre2"
| #define PACKAGE_BUGREPORT "ovs-bugs@openvswitch.org"
| #define PACKAGE_URL ""
| #define BUILDNR ""
| #define PACKAGE "openvswitch"
| #define VERSION "1.1.0pre2"
| #define STDC_HEADERS 1
| #define HAVE_SYS_TYPES_H 1
| #define HAVE_SYS_STAT_H 1
| #define HAVE_STDLIB_H 1
| #define HAVE_STRING_H 1
| #define HAVE_MEMORY_H 1
| #define HAVE_STRINGS_H 1
| #define HAVE_INTTYPES_H 1
| #define HAVE_STDINT_H 1
| #define HAVE_UNISTD_H 1
| #define __EXTENSIONS__ 1
| #define _ALL_SOURCE 1
| #define _GNU_SOURCE 1
| #define _POSIX_PTHREAD_SEMANTICS 1
| #define _TANDEM_SOURCE 1
| /* end confdefs.h.  */
| #include <sys/types.h>
| 		#include <sys/param.h>
| 
| int
| main ()
| {
| #if BYTE_ORDER != BIG_ENDIAN
| 		 not big endian
| 		#endif
| 
|   ;
|   return 0;
| }
configure:4776: result: no
configure:4801: checking for special C compiler options needed for large files
configure:4846: result: no
configure:4852: checking for _FILE_OFFSET_BITS value needed for large files
configure:4877: gcc -c -g -O2  conftest.c >&5
conftest.c:33: warning: left shift count >= width of type
conftest.c:33: warning: left shift count >= width of type
conftest.c:35: error: size of array 'off_t_is_large' is negative
configure:4877: $? = 1
configure: failed program was:
| /* confdefs.h */
| #define PACKAGE_NAME "openvswitch"
| #define PACKAGE_TARNAME "openvswitch"
| #define PACKAGE_VERSION "1.1.0pre2"
| #define PACKAGE_STRING "openvswitch 1.1.0pre2"
| #define PACKAGE_BUGREPORT "ovs-bugs@openvswitch.org"
| #define PACKAGE_URL ""
| #define BUILDNR ""
| #define PACKAGE "openvswitch"
| #define VERSION "1.1.0pre2"
| #define STDC_HEADERS 1
| #define HAVE_SYS_TYPES_H 1
| #define HAVE_SYS_STAT_H 1
| #define HAVE_STDLIB_H 1
| #define HAVE_STRING_H 1
| #define HAVE_MEMORY_H 1
| #define HAVE_STRINGS_H 1
| #define HAVE_INTTYPES_H 1
| #define HAVE_STDINT_H 1
| #define HAVE_UNISTD_H 1
| #define __EXTENSIONS__ 1
| #define _ALL_SOURCE 1
| #define _GNU_SOURCE 1
| #define _POSIX_PTHREAD_SEMANTICS 1
| #define _TANDEM_SOURCE 1
| /* end confdefs.h.  */
| #include <sys/types.h>
|  /* Check that off_t can represent 2**63 - 1 correctly.
|     We can't simply define LARGE_OFF_T to be 9223372036854775807,
|     since some C++ compilers masquerading as C compilers
|     incorrectly reject 9223372036854775807.  */
| #define LARGE_OFF_T (((off_t) 1 << 62) - 1 + ((off_t) 1 << 62))
|   int off_t_is_large[(LARGE_OFF_T % 2147483629 == 721
| 		       && LARGE_OFF_T % 2147483647 == 1)
| 		      ? 1 : -1];
| int
| main ()
| {
| 
|   ;
|   return 0;
| }
configure:4901: gcc -c -g -O2  conftest.c >&5
configure:4901: $? = 0
configure:4909: result: 64
configure:4993: checking for library containing pow
configure:5024: gcc -o conftest -g -O2   conftest.c  >&5
conftest.c:35: warning: conflicting types for built-in function 'pow'
/tmp/ccaqr6rD.o: In function `main':
/users/stud16/openv/openvswitch-1.1.0pre2/conftest.c:39: undefined reference to `pow'
collect2: ld returned 1 exit status
configure:5024: $? = 1
configure: failed program was:
| /* confdefs.h */
| #define PACKAGE_NAME "openvswitch"
| #define PACKAGE_TARNAME "openvswitch"
| #define PACKAGE_VERSION "1.1.0pre2"
| #define PACKAGE_STRING "openvswitch 1.1.0pre2"
| #define PACKAGE_BUGREPORT "ovs-bugs@openvswitch.org"
| #define PACKAGE_URL ""
| #define BUILDNR ""
| #define PACKAGE "openvswitch"
| #define VERSION "1.1.0pre2"
| #define STDC_HEADERS 1
| #define HAVE_SYS_TYPES_H 1
| #define HAVE_SYS_STAT_H 1
| #define HAVE_STDLIB_H 1
| #define HAVE_STRING_H 1
| #define HAVE_MEMORY_H 1
| #define HAVE_STRINGS_H 1
| #define HAVE_INTTYPES_H 1
| #define HAVE_STDINT_H 1
| #define HAVE_UNISTD_H 1
| #define __EXTENSIONS__ 1
| #define _ALL_SOURCE 1
| #define _GNU_SOURCE 1
| #define _POSIX_PTHREAD_SEMANTICS 1
| #define _TANDEM_SOURCE 1
| #define _FILE_OFFSET_BITS 64
| /* end confdefs.h.  */
| 
| /* Override any GCC internal prototype to avoid an error.
|    Use char because int might match the return type of a GCC
|    builtin and then its argument prototype would still apply.  */
| #ifdef __cplusplus
| extern "C"
| #endif
| char pow ();
| int
| main ()
| {
| return pow ();
|   ;
|   return 0;
| }
configure:5024: gcc -o conftest -g -O2   conftest.c -lm   >&5
conftest.c:35: warning: conflicting types for built-in function 'pow'
configure:5024: $? = 0
configure:5041: result: -lm
configure:5049: checking for library containing clock_gettime
configure:5080: gcc -o conftest -g -O2   conftest.c -lm  >&5
/tmp/ccNVAeWP.o: In function `main':
/users/stud16/openv/openvswitch-1.1.0pre2/conftest.c:39: undefined reference to `clock_gettime'
collect2: ld returned 1 exit status
configure:5080: $? = 1
configure: failed program was:
| /* confdefs.h */
| #define PACKAGE_NAME "openvswitch"
| #define PACKAGE_TARNAME "openvswitch"
| #define PACKAGE_VERSION "1.1.0pre2"
| #define PACKAGE_STRING "openvswitch 1.1.0pre2"
| #define PACKAGE_BUGREPORT "ovs-bugs@openvswitch.org"
| #define PACKAGE_URL ""
| #define BUILDNR ""
| #define PACKAGE "openvswitch"
| #define VERSION "1.1.0pre2"
| #define STDC_HEADERS 1
| #define HAVE_SYS_TYPES_H 1
| #define HAVE_SYS_STAT_H 1
| #define HAVE_STDLIB_H 1
| #define HAVE_STRING_H 1
| #define HAVE_MEMORY_H 1
| #define HAVE_STRINGS_H 1
| #define HAVE_INTTYPES_H 1
| #define HAVE_STDINT_H 1
| #define HAVE_UNISTD_H 1
| #define __EXTENSIONS__ 1
| #define _ALL_SOURCE 1
| #define _GNU_SOURCE 1
| #define _POSIX_PTHREAD_SEMANTICS 1
| #define _TANDEM_SOURCE 1
| #define _FILE_OFFSET_BITS 64
| /* end confdefs.h.  */
| 
| /* Override any GCC internal prototype to avoid an error.
|    Use char because int might match the return type of a GCC
|    builtin and then its argument prototype would still apply.  */
| #ifdef __cplusplus
| extern "C"
| #endif
| char clock_gettime ();
| int
| main ()
| {
| return clock_gettime ();
|   ;
|   return 0;
| }
configure:5080: gcc -o conftest -g -O2   conftest.c -lrt  -lm  >&5
configure:5080: $? = 0
configure:5097: result: -lrt
configure:5141: checking for linux/netlink.h
configure:5141: gcc -c -g -O2  conftest.c >&5
configure:5141: $? = 0
configure:5141: result: yes
configure:5218: checking for pkg-config
configure:5236: found /usr/bin/pkg-config
configure:5248: result: /usr/bin/pkg-config
configure:5273: checking pkg-config is at least version 0.9.0
configure:5276: result: yes
configure:5300: checking for SSL
configure:5307: $PKG_CONFIG --exists --print-errors "libssl"
configure:5310: $? = 0
configure:5323: $PKG_CONFIG --exists --print-errors "libssl"
configure:5326: $? = 0
configure:5395: result: yes
configure:5425: checking for Python 2.x for x >= 4
configure:5451: result: /usr/bin/python
configure:5471: checking for pyuic4
configure:5482: result: no
configure:5491: checking for PySide.QtCore Python module
running /usr/bin/python -c 'import PySide.QtCore
import sys
sys.exit(0)'...
Traceback (most recent call last):
  File "<string>", line 1, in <module>
ImportError: No module named PySide.QtCore
configure:5508: result: no
configure:5511: checking for PyQt4.QtCore Python module
running /usr/bin/python -c 'import PyQt4.QtCore
import sys
sys.exit(0)'...
Traceback (most recent call last):
  File "<string>", line 1, in <module>
ImportError: No module named PyQt4.QtCore
configure:5528: result: no
configure:5531: checking for twisted.conch.ssh Python module
running /usr/bin/python -c 'import twisted.conch.ssh
import sys
sys.exit(0)'...
Traceback (most recent call last):
  File "<string>", line 1, in <module>
ImportError: No module named twisted.conch.ssh
configure:5548: result: no
configure:5551: checking for twisted.internet Python module
running /usr/bin/python -c 'import twisted.internet
import sys
sys.exit(0)'...
Traceback (most recent call last):
  File "<string>", line 1, in <module>
ImportError: No module named twisted.internet
configure:5568: result: no
configure:5571: checking for twisted.application Python module
running /usr/bin/python -c 'import twisted.application
import sys
sys.exit(0)'...
Traceback (most recent call last):
  File "<string>", line 1, in <module>
ImportError: No module named twisted.application
configure:5588: result: no
configure:5591: checking for json Python module
running /usr/bin/python -c 'import json
import sys
sys.exit(0)'...
configure:5608: result: yes
configure:5611: checking for zope.interface Python module
running /usr/bin/python -c 'import zope.interface
import sys
sys.exit(0)'...
Traceback (most recent call last):
  File "<string>", line 1, in <module>
ImportError: No module named zope.interface
configure:5628: result: no
configure:5641: checking whether to build ovsdbmonitor
configure:5643: result: no
configure:5653: checking for dot
configure:5664: result: no
configure:5668: checking whether to build E-R diagrams for database
configure:5679: result: no
configure:5689: checking net/if_packet.h usability
configure:5689: gcc -c -g -O2  conftest.c >&5
configure:5689: $? = 0
configure:5689: result: yes
configure:5689: checking net/if_packet.h presence
configure:5689: gcc -E  conftest.c
configure:5689: $? = 0
configure:5689: result: yes
configure:5689: checking for net/if_packet.h
configure:5689: result: yes
configure:5710: checking whether strtok_r macro segfaults on some inputs
configure:5739: gcc -o conftest -g -O2   conftest.c -lrt -lm  >&5
configure:5739: $? = 0
configure:5739: ./conftest
configure:5739: $? = 0
configure:5749: result: no
configure:5757: checking for struct stat.st_mtim.tv_nsec
configure:5757: gcc -c -g -O2  conftest.c >&5
configure:5757: $? = 0
configure:5757: result: yes
configure:5767: checking for struct stat.st_mtimensec
configure:5767: gcc -c -g -O2  conftest.c >&5
conftest.c: In function 'main':
conftest.c:38: error: 'struct stat' has no member named 'st_mtimensec'
configure:5767: $? = 1
configure: failed program was:
| /* confdefs.h */
| #define PACKAGE_NAME "openvswitch"
| #define PACKAGE_TARNAME "openvswitch"
| #define PACKAGE_VERSION "1.1.0pre2"
| #define PACKAGE_STRING "openvswitch 1.1.0pre2"
| #define PACKAGE_BUGREPORT "ovs-bugs@openvswitch.org"
| #define PACKAGE_URL ""
| #define BUILDNR ""
| #define PACKAGE "openvswitch"
| #define VERSION "1.1.0pre2"
| #define STDC_HEADERS 1
| #define HAVE_SYS_TYPES_H 1
| #define HAVE_SYS_STAT_H 1
| #define HAVE_STDLIB_H 1
| #define HAVE_STRING_H 1
| #define HAVE_MEMORY_H 1
| #define HAVE_STRINGS_H 1
| #define HAVE_INTTYPES_H 1
| #define HAVE_STDINT_H 1
| #define HAVE_UNISTD_H 1
| #define __EXTENSIONS__ 1
| #define _ALL_SOURCE 1
| #define _GNU_SOURCE 1
| #define _POSIX_PTHREAD_SEMANTICS 1
| #define _TANDEM_SOURCE 1
| #define _FILE_OFFSET_BITS 64
| #define HAVE_NETLINK 1
| #define HAVE_OPENSSL 1
| #define HAVE_IF_PACKET 1
| #define HAVE_STRUCT_STAT_ST_MTIM_TV_NSEC 1
| /* end confdefs.h.  */
| #include <sys/stat.h>
| 
| int
| main ()
| {
| static struct stat ac_aggr;
| if (ac_aggr.st_mtimensec)
| return 0;
|   ;
|   return 0;
| }
configure:5767: gcc -c -g -O2  conftest.c >&5
conftest.c: In function 'main':
conftest.c:38: error: 'struct stat' has no member named 'st_mtimensec'
configure:5767: $? = 1
configure: failed program was:
| /* confdefs.h */
| #define PACKAGE_NAME "openvswitch"
| #define PACKAGE_TARNAME "openvswitch"
| #define PACKAGE_VERSION "1.1.0pre2"
| #define PACKAGE_STRING "openvswitch 1.1.0pre2"
| #define PACKAGE_BUGREPORT "ovs-bugs@openvswitch.org"
| #define PACKAGE_URL ""
| #define BUILDNR ""
| #define PACKAGE "openvswitch"
| #define VERSION "1.1.0pre2"
| #define STDC_HEADERS 1
| #define HAVE_SYS_TYPES_H 1
| #define HAVE_SYS_STAT_H 1
| #define HAVE_STDLIB_H 1
| #define HAVE_STRING_H 1
| #define HAVE_MEMORY_H 1
| #define HAVE_STRINGS_H 1
| #define HAVE_INTTYPES_H 1
| #define HAVE_STDINT_H 1
| #define HAVE_UNISTD_H 1
| #define __EXTENSIONS__ 1
| #define _ALL_SOURCE 1
| #define _GNU_SOURCE 1
| #define _POSIX_PTHREAD_SEMANTICS 1
| #define _TANDEM_SOURCE 1
| #define _FILE_OFFSET_BITS 64
| #define HAVE_NETLINK 1
| #define HAVE_OPENSSL 1
| #define HAVE_IF_PACKET 1
| #define HAVE_STRUCT_STAT_ST_MTIM_TV_NSEC 1
| /* end confdefs.h.  */
| #include <sys/stat.h>
| 
| int
| main ()
| {
| static struct stat ac_aggr;
| if (sizeof ac_aggr.st_mtimensec)
| return 0;
|   ;
|   return 0;
| }
configure:5767: result: no
configure:5780: checking for mlockall
configure:5780: gcc -o conftest -g -O2   conftest.c -lrt -lm  >&5
configure:5780: $? = 0
configure:5780: result: yes
configure:5808: checking whether libc supports hooks for malloc and related functions
configure:5827: gcc -c -g -O2  conftest.c >&5
configure:5827: $? = 0
configure:5834: result: yes
configure:5843: checking valgrind/valgrind.h usability
configure:5843: gcc -c -g -O2  conftest.c >&5
conftest.c:67:31: error: valgrind/valgrind.h: No such file or directory
configure:5843: $? = 1
configure: failed program was:
| /* confdefs.h */
| #define PACKAGE_NAME "openvswitch"
| #define PACKAGE_TARNAME "openvswitch"
| #define PACKAGE_VERSION "1.1.0pre2"
| #define PACKAGE_STRING "openvswitch 1.1.0pre2"
| #define PACKAGE_BUGREPORT "ovs-bugs@openvswitch.org"
| #define PACKAGE_URL ""
| #define BUILDNR ""
| #define PACKAGE "openvswitch"
| #define VERSION "1.1.0pre2"
| #define STDC_HEADERS 1
| #define HAVE_SYS_TYPES_H 1
| #define HAVE_SYS_STAT_H 1
| #define HAVE_STDLIB_H 1
| #define HAVE_STRING_H 1
| #define HAVE_MEMORY_H 1
| #define HAVE_STRINGS_H 1
| #define HAVE_INTTYPES_H 1
| #define HAVE_STDINT_H 1
| #define HAVE_UNISTD_H 1
| #define __EXTENSIONS__ 1
| #define _ALL_SOURCE 1
| #define _GNU_SOURCE 1
| #define _POSIX_PTHREAD_SEMANTICS 1
| #define _TANDEM_SOURCE 1
| #define _FILE_OFFSET_BITS 64
| #define HAVE_NETLINK 1
| #define HAVE_OPENSSL 1
| #define HAVE_IF_PACKET 1
| #define HAVE_STRUCT_STAT_ST_MTIM_TV_NSEC 1
| #define HAVE_MLOCKALL 1
| #define HAVE_MALLOC_HOOKS 1
| /* end confdefs.h.  */
| #include <stdio.h>
| #ifdef HAVE_SYS_TYPES_H
| # include <sys/types.h>
| #endif
| #ifdef HAVE_SYS_STAT_H
| # include <sys/stat.h>
| #endif
| #ifdef STDC_HEADERS
| # include <stdlib.h>
| # include <stddef.h>
| #else
| # ifdef HAVE_STDLIB_H
| #  include <stdlib.h>
| # endif
| #endif
| #ifdef HAVE_STRING_H
| # if !defined STDC_HEADERS && defined HAVE_MEMORY_H
| #  include <memory.h>
| # endif
| # include <string.h>
| #endif
| #ifdef HAVE_STRINGS_H
| # include <strings.h>
| #endif
| #ifdef HAVE_INTTYPES_H
| # include <inttypes.h>
| #endif
| #ifdef HAVE_STDINT_H
| # include <stdint.h>
| #endif
| #ifdef HAVE_UNISTD_H
| # include <unistd.h>
| #endif
| #include <valgrind/valgrind.h>
configure:5843: result: no
configure:5843: checking valgrind/valgrind.h presence
configure:5843: gcc -E  conftest.c
conftest.c:34:31: error: valgrind/valgrind.h: No such file or directory
configure:5843: $? = 1
configure: failed program was:
| /* confdefs.h */
| #define PACKAGE_NAME "openvswitch"
| #define PACKAGE_TARNAME "openvswitch"
| #define PACKAGE_VERSION "1.1.0pre2"
| #define PACKAGE_STRING "openvswitch 1.1.0pre2"
| #define PACKAGE_BUGREPORT "ovs-bugs@openvswitch.org"
| #define PACKAGE_URL ""
| #define BUILDNR ""
| #define PACKAGE "openvswitch"
| #define VERSION "1.1.0pre2"
| #define STDC_HEADERS 1
| #define HAVE_SYS_TYPES_H 1
| #define HAVE_SYS_STAT_H 1
| #define HAVE_STDLIB_H 1
| #define HAVE_STRING_H 1
| #define HAVE_MEMORY_H 1
| #define HAVE_STRINGS_H 1
| #define HAVE_INTTYPES_H 1
| #define HAVE_STDINT_H 1
| #define HAVE_UNISTD_H 1
| #define __EXTENSIONS__ 1
| #define _ALL_SOURCE 1
| #define _GNU_SOURCE 1
| #define _POSIX_PTHREAD_SEMANTICS 1
| #define _TANDEM_SOURCE 1
| #define _FILE_OFFSET_BITS 64
| #define HAVE_NETLINK 1
| #define HAVE_OPENSSL 1
| #define HAVE_IF_PACKET 1
| #define HAVE_STRUCT_STAT_ST_MTIM_TV_NSEC 1
| #define HAVE_MLOCKALL 1
| #define HAVE_MALLOC_HOOKS 1
| /* end confdefs.h.  */
| #include <valgrind/valgrind.h>
configure:5843: result: no
configure:5843: checking for valgrind/valgrind.h
configure:5843: result: no
configure:5853: checking for connect in -lsocket
configure:5878: gcc -o conftest -g -O2   conftest.c -lsocket  -lrt -lm  >&5
/usr/bin/ld: cannot find -lsocket
collect2: ld returned 1 exit status
configure:5878: $? = 1
configure: failed program was:
| /* confdefs.h */
| #define PACKAGE_NAME "openvswitch"
| #define PACKAGE_TARNAME "openvswitch"
| #define PACKAGE_VERSION "1.1.0pre2"
| #define PACKAGE_STRING "openvswitch 1.1.0pre2"
| #define PACKAGE_BUGREPORT "ovs-bugs@openvswitch.org"
| #define PACKAGE_URL ""
| #define BUILDNR ""
| #define PACKAGE "openvswitch"
| #define VERSION "1.1.0pre2"
| #define STDC_HEADERS 1
| #define HAVE_SYS_TYPES_H 1
| #define HAVE_SYS_STAT_H 1
| #define HAVE_STDLIB_H 1
| #define HAVE_STRING_H 1
| #define HAVE_MEMORY_H 1
| #define HAVE_STRINGS_H 1
| #define HAVE_INTTYPES_H 1
| #define HAVE_STDINT_H 1
| #define HAVE_UNISTD_H 1
| #define __EXTENSIONS__ 1
| #define _ALL_SOURCE 1
| #define _GNU_SOURCE 1
| #define _POSIX_PTHREAD_SEMANTICS 1
| #define _TANDEM_SOURCE 1
| #define _FILE_OFFSET_BITS 64
| #define HAVE_NETLINK 1
| #define HAVE_OPENSSL 1
| #define HAVE_IF_PACKET 1
| #define HAVE_STRUCT_STAT_ST_MTIM_TV_NSEC 1
| #define HAVE_MLOCKALL 1
| #define HAVE_MALLOC_HOOKS 1
| /* end confdefs.h.  */
| 
| /* Override any GCC internal prototype to avoid an error.
|    Use char because int might match the return type of a GCC
|    builtin and then its argument prototype would still apply.  */
| #ifdef __cplusplus
| extern "C"
| #endif
| char connect ();
| int
| main ()
| {
| return connect ();
|   ;
|   return 0;
| }
configure:5887: result: no
configure:5898: checking for library containing gethostbyname
configure:5929: gcc -o conftest -g -O2   conftest.c -lrt -lm  >&5
configure:5929: $? = 0
configure:5946: result: none required
configure:5954: checking for user-defined linker section support
configure:5991: gcc -o conftest -g -O2   conftest1.c conftest2.c -lrt -lm  >&5
configure:6000: $? = 0
configure:6022: result: yes
configure:6032: checking for strsignal
configure:6032: gcc -o conftest -g -O2   conftest.c -lrt -lm  >&5
configure:6032: $? = 0
configure:6032: result: yes
configure:6043: checking whether gcc accepts -Wall
configure:6061: gcc -c -g -O2 -Wall  conftest.c >&5
configure:6061: $? = 0
configure:6069: result: yes
configure:6079: checking whether gcc accepts -Wno-sign-compare
configure:6097: gcc -c -g -O2 -Wno-sign-compare  conftest.c >&5
configure:6097: $? = 0
configure:6105: result: yes
configure:6115: checking whether gcc accepts -Wpointer-arith
configure:6133: gcc -c -g -O2 -Wpointer-arith  conftest.c >&5
configure:6133: $? = 0
configure:6141: result: yes
configure:6151: checking whether gcc accepts -Wdeclaration-after-statement
configure:6169: gcc -c -g -O2 -Wdeclaration-after-statement  conftest.c >&5
configure:6169: $? = 0
configure:6177: result: yes
configure:6187: checking whether gcc accepts -Wformat-security
configure:6205: gcc -c -g -O2 -Wformat-security  conftest.c >&5
cc1: warning: -Wformat-security ignored without -Wformat
configure:6205: $? = 0
configure:6213: result: yes
configure:6223: checking whether gcc accepts -Wswitch-enum
configure:6241: gcc -c -g -O2 -Wswitch-enum  conftest.c >&5
configure:6241: $? = 0
configure:6249: result: yes
configure:6259: checking whether gcc accepts -Wunused-parameter
configure:6277: gcc -c -g -O2 -Wunused-parameter  conftest.c >&5
configure:6277: $? = 0
configure:6285: result: yes
configure:6295: checking whether gcc accepts -Wstrict-aliasing
configure:6313: gcc -c -g -O2 -Wstrict-aliasing  conftest.c >&5
configure:6313: $? = 0
configure:6321: result: yes
configure:6331: checking whether gcc accepts -Wbad-function-cast
configure:6349: gcc -c -g -O2 -Wbad-function-cast  conftest.c >&5
configure:6349: $? = 0
configure:6357: result: yes
configure:6367: checking whether gcc accepts -Wcast-align
configure:6385: gcc -c -g -O2 -Wcast-align  conftest.c >&5
configure:6385: $? = 0
configure:6393: result: yes
configure:6403: checking whether gcc accepts -Wstrict-prototypes
configure:6421: gcc -c -g -O2 -Wstrict-prototypes  conftest.c >&5
conftest.c:39: warning: function declaration isn't a prototype
configure:6421: $? = 0
configure:6429: result: yes
configure:6439: checking whether gcc accepts -Wold-style-definition
configure:6457: gcc -c -g -O2 -Wold-style-definition  conftest.c >&5
conftest.c: In function 'main':
conftest.c:38: warning: old-style function definition
configure:6457: $? = 0
configure:6465: result: yes
configure:6475: checking whether gcc accepts -Wmissing-prototypes
configure:6493: gcc -c -g -O2 -Wmissing-prototypes  conftest.c >&5
configure:6493: $? = 0
configure:6501: result: yes
configure:6511: checking whether gcc accepts -Wmissing-field-initializers
configure:6529: gcc -c -g -O2 -Wmissing-field-initializers  conftest.c >&5
configure:6529: $? = 0
configure:6537: result: yes
configure:6547: checking whether gcc accepts -Wno-override-init
configure:6565: gcc -c -g -O2 -Wno-override-init  conftest.c >&5
configure:6565: $? = 0
configure:6573: result: yes
configure:6583: checking whether gcc accepts -Wno-unused
configure:6601: gcc -c -g -O2 -Wno-unused  conftest.c >&5
configure:6601: $? = 0
configure:6609: result: yes
configure:6626: checking whether gcc accepts -Wno-unused-parameter
configure:6644: gcc -c -g -O2 -Wno-unused-parameter  conftest.c >&5
configure:6644: $? = 0
configure:6652: result: yes
configure:6695: checking for Linux 2.6 build directory
configure:6698: result: /usr/src/linux-headers-2.6.32-5-686/
configure:6710: checking for Linux 2.6 source directory
configure:6737: result: /usr/src/linux-headers-2.6.32-5-common
configure:6740: checking for kernel version
configure:6747: result: 2.6.32
configure:6767: checking whether ERR_CAST matches in /usr/src/linux-headers-2.6.32-5-common/include/linux/err.h
configure:6773: result: yes
configure:6791: checking whether ipv4_is_multicast matches in /usr/src/linux-headers-2.6.32-5-common/include/linux/in.h
configure:6797: result: yes
configure:6815: checking whether dev_disable_lro matches in /usr/src/linux-headers-2.6.32-5-common/include/linux/netdevice.h
configure:6821: result: yes
configure:6838: checking whether dev_get_stats matches in /usr/src/linux-headers-2.6.32-5-common/include/linux/netdevice.h
configure:6844: result: yes
configure:6867: checking whether [^@]proto_data_valid matches in /usr/src/linux-headers-2.6.32-5-common/include/linux/skbuff.h
configure:6880: result: no
configure:6890: checking whether raw matches in /usr/src/linux-headers-2.6.32-5-common/include/linux/skbuff.h
configure:6903: result: no
configure:6913: checking whether skb_dst( matches in /usr/src/linux-headers-2.6.32-5-common/include/linux/skbuff.h
configure:6919: result: yes
configure:6936: checking whether skb_copy_from_linear_data_offset matches in /usr/src/linux-headers-2.6.32-5-common/include/linux/skbuff.h
configure:6942: result: yes
configure:6959: checking whether skb_cow_head matches in /usr/src/linux-headers-2.6.32-5-common/include/linux/skbuff.h
configure:6965: result: yes
configure:6982: checking whether skb_transport_header matches in /usr/src/linux-headers-2.6.32-5-common/include/linux/skbuff.h
configure:6988: result: yes
configure:7005: checking whether skb_warn_if_lro matches in /usr/src/linux-headers-2.6.32-5-common/include/linux/skbuff.h
configure:7011: result: yes
configure:7029: checking whether kmemdup matches in /usr/src/linux-headers-2.6.32-5-common/include/linux/string.h /usr/src/linux-headers-2.6.32-5-common/include/linux/slab.h
configure:7035: result: yes
configure:7053: checking whether bool matches in /usr/src/linux-headers-2.6.32-5-common/include/linux/types.h
configure:7059: result: yes
configure:7076: checking whether __wsum matches in /usr/src/linux-headers-2.6.32-5-common/include/linux/types.h
configure:7082: result: yes
configure:7100: checking whether csum_unfold matches in /usr/src/linux-headers-2.6.32-5-common/include/net/checksum.h
configure:7106: result: yes
configure:7124: checking whether NLA_NUL_STRING matches in /usr/src/linux-headers-2.6.32-5-common/include/net/netlink.h
configure:7130: result: yes
configure:7147: checking whether nla_get_be16 matches in /usr/src/linux-headers-2.6.32-5-common/include/net/netlink.h
configure:7153: result: yes
configure:7171: checking for /usr/src/linux-headers-2.6.32-5-common/include/linux/log2.h
configure:7174: result: yes
configure:7374: creating ./config.status

## ---------------------- ##
## Running config.status. ##
## ---------------------- ##

This file was extended by openvswitch config.status 1.1.0pre2, which was
generated by GNU Autoconf 2.67.  Invocation command line was

  CONFIG_FILES    = 
  CONFIG_HEADERS  = 
  CONFIG_LINKS    = 
  CONFIG_COMMANDS = 
  $ ./config.status 

on switch4.ofsvc.odspracticum.wall.test

config.status:920: creating Makefile
config.status:920: creating datapath/Makefile
config.status:920: creating datapath/linux-2.6/Kbuild
config.status:920: creating datapath/linux-2.6/Makefile
config.status:920: creating datapath/linux-2.6/Makefile.main
config.status:920: creating tests/atlocal
config.status:920: creating config.h
config.status:1148: executing tests/atconfig commands
config.status:1148: executing depfiles commands
config.status:1148: executing include/openflow/openflow.h.stamp commands
config.status:1148: executing ovsdb/ovsdbmonitor/dummy commands

## ---------------- ##
## Cache variables. ##
## ---------------- ##

ac_cv_c_bigendian=no
ac_cv_c_compiler_gnu=yes
ac_cv_env_CC_set=
ac_cv_env_CC_value=
ac_cv_env_CFLAGS_set=
ac_cv_env_CFLAGS_value=
ac_cv_env_CPPFLAGS_set=
ac_cv_env_CPPFLAGS_value=
ac_cv_env_CPP_set=
ac_cv_env_CPP_value=
ac_cv_env_KARCH_set=
ac_cv_env_KARCH_value=
ac_cv_env_LDFLAGS_set=
ac_cv_env_LDFLAGS_value=
ac_cv_env_LIBS_set=
ac_cv_env_LIBS_value=
ac_cv_env_PERL_set=
ac_cv_env_PERL_value=
ac_cv_env_PKG_CONFIG_LIBDIR_set=
ac_cv_env_PKG_CONFIG_LIBDIR_value=
ac_cv_env_PKG_CONFIG_PATH_set=
ac_cv_env_PKG_CONFIG_PATH_value=
ac_cv_env_PKG_CONFIG_set=
ac_cv_env_PKG_CONFIG_value=
ac_cv_env_SSL_CFLAGS_set=
ac_cv_env_SSL_CFLAGS_value=
ac_cv_env_SSL_LIBS_set=
ac_cv_env_SSL_LIBS_value=
ac_cv_env_build_alias_set=
ac_cv_env_build_alias_value=
ac_cv_env_host_alias_set=
ac_cv_env_host_alias_value=
ac_cv_env_target_alias_set=
ac_cv_env_target_alias_value=
ac_cv_func_mlockall=yes
ac_cv_func_strsignal=yes
ac_cv_header_inttypes_h=yes
ac_cv_header_linux_netlink_h=yes
ac_cv_header_memory_h=yes
ac_cv_header_minix_config_h=no
ac_cv_header_net_if_packet_h=yes
ac_cv_header_stdc=yes
ac_cv_header_stdint_h=yes
ac_cv_header_stdlib_h=yes
ac_cv_header_string_h=yes
ac_cv_header_strings_h=yes
ac_cv_header_sys_stat_h=yes
ac_cv_header_sys_types_h=yes
ac_cv_header_unistd_h=yes
ac_cv_header_valgrind_valgrind_h=no
ac_cv_lib_socket_connect=no
ac_cv_member_struct_stat_st_mtim_tv_nsec=yes
ac_cv_member_struct_stat_st_mtimensec=no
ac_cv_objext=o
ac_cv_path_EGREP='/bin/grep -E'
ac_cv_path_FGREP='/bin/grep -F'
ac_cv_path_GREP=/bin/grep
ac_cv_path_PERL=/usr/bin/perl
ac_cv_path_ac_pt_PKG_CONFIG=/usr/bin/pkg-config
ac_cv_path_install='/usr/bin/install -c'
ac_cv_path_mkdir=/bin/mkdir
ac_cv_prog_AWK=mawk
ac_cv_prog_CPP='gcc -E'
ac_cv_prog_ac_ct_CC=gcc
ac_cv_prog_ac_ct_RANLIB=ranlib
ac_cv_prog_cc_c89=
ac_cv_prog_cc_g=yes
ac_cv_prog_cc_gcc_c_o=yes
ac_cv_prog_make_make_set=yes
ac_cv_safe_to_define___extensions__=yes
ac_cv_search_clock_gettime=-lrt
ac_cv_search_gethostbyname='none required'
ac_cv_search_pow=-lm
ac_cv_sys_file_offset_bits=64
ac_cv_sys_largefile_CC=no
am_cv_CC_dependencies_compiler_type=gcc3
ovs_cv__Wall=yes
ovs_cv__Wbad_function_cast=yes
ovs_cv__Wcast_align=yes
ovs_cv__Wdeclaration_after_statement=yes
ovs_cv__Wformat_security=yes
ovs_cv__Wmissing_field_initializers=yes
ovs_cv__Wmissing_prototypes=yes
ovs_cv__Wno_override_init=yes
ovs_cv__Wno_sign_compare=yes
ovs_cv__Wno_unused=yes
ovs_cv__Wno_unused_parameter=yes
ovs_cv__Wold_style_definition=yes
ovs_cv__Wpointer_arith=yes
ovs_cv__Wstrict_aliasing=yes
ovs_cv__Wstrict_prototypes=yes
ovs_cv__Wswitch_enum=yes
ovs_cv__Wunused_parameter=yes
ovs_cv_dot=no
ovs_cv_er_diagrams=no
ovs_cv_malloc_hooks=yes
ovs_cv_py_PyQt4_QtCore=no
ovs_cv_py_PySide_QtCore=no
ovs_cv_py_json=yes
ovs_cv_py_twisted_application=no
ovs_cv_py_twisted_conch_ssh=no
ovs_cv_py_twisted_internet=no
ovs_cv_py_zope_interface=no
ovs_cv_python=/usr/bin/python
ovs_cv_pyuic4=no
ovs_cv_strtok_r_bug=no
ovs_cv_use_linker_sections=yes
pkg_cv_SSL_CFLAGS=' '
pkg_cv_SSL_LIBS='-lssl  '

## ----------------- ##
## Output variables. ##
## ----------------- ##

ACLOCAL='${SHELL} /users/stud16/openv/openvswitch-1.1.0pre2/build-aux/missing --run aclocal-1.11'
AMDEPBACKSLASH='\'
AMDEP_FALSE='#'
AMDEP_TRUE=''
AMTAR='${SHELL} /users/stud16/openv/openvswitch-1.1.0pre2/build-aux/missing --run tar'
AUTOCONF='${SHELL} /users/stud16/openv/openvswitch-1.1.0pre2/build-aux/missing --run autoconf'
AUTOHEADER='${SHELL} /users/stud16/openv/openvswitch-1.1.0pre2/build-aux/missing --run autoheader'
AUTOMAKE='${SHELL} /users/stud16/openv/openvswitch-1.1.0pre2/build-aux/missing --run automake-1.11'
AWK='mawk'
BUILDNR='0'
BUILD_ER_DIAGRAMS_FALSE=''
BUILD_ER_DIAGRAMS_TRUE='#'
BUILD_OVSDBMONITOR_FALSE=''
BUILD_OVSDBMONITOR_TRUE='#'
CC='gcc'
CCDEPMODE='depmode=gcc3'
CFLAGS='-g -O2'
CPP='gcc -E'
CPPFLAGS=''
CYGPATH_W='echo'
DEFS='-DHAVE_CONFIG_H'
DEPDIR='.deps'
ECHO_C=''
ECHO_N='-n'
ECHO_T=''
EGREP='/bin/grep -E'
EXEEXT=''
FGREP='/bin/grep -F'
GREP='/bin/grep'
HAVE_IF_PACKET_FALSE='#'
HAVE_IF_PACKET_TRUE=''
HAVE_NETLINK_FALSE='#'
HAVE_NETLINK_TRUE=''
HAVE_OPENSSL='yes'
HAVE_OPENSSL_FALSE='#'
HAVE_OPENSSL_TRUE=''
HAVE_PYTHON='yes'
HAVE_PYTHON_FALSE='#'
HAVE_PYTHON_TRUE=''
HAVE_WNO_UNUSED_FALSE='#'
HAVE_WNO_UNUSED_PARAMETER_FALSE='#'
HAVE_WNO_UNUSED_PARAMETER_TRUE=''
HAVE_WNO_UNUSED_TRUE=''
INSTALL_DATA='${INSTALL} -m 644'
INSTALL_PROGRAM='${INSTALL}'
INSTALL_SCRIPT='${INSTALL}'
INSTALL_STRIP_PROGRAM='$(install_sh) -c -s'
KARCH=''
KBUILD26='/usr/src/linux-headers-2.6.32-5-686/'
L26_ENABLED_FALSE='#'
L26_ENABLED_TRUE=''
LDFLAGS=''
LIBOBJS=''
LIBS='-lrt -lm '
LOGDIR='${localstatedir}/log/${PACKAGE}'
LTLIBOBJS=''
MAKEINFO='${SHELL} /users/stud16/openv/openvswitch-1.1.0pre2/build-aux/missing --run makeinfo'
MKDIR_P='/bin/mkdir -p'
NDEBUG_FALSE=''
NDEBUG_TRUE='#'
OBJEXT='o'
PACKAGE='openvswitch'
PACKAGE_BUGREPORT='ovs-bugs@openvswitch.org'
PACKAGE_NAME='openvswitch'
PACKAGE_STRING='openvswitch 1.1.0pre2'
PACKAGE_TARNAME='openvswitch'
PACKAGE_URL=''
PACKAGE_VERSION='1.1.0pre2'
PATH_SEPARATOR=':'
PERL='/usr/bin/perl'
PKG_CONFIG='/usr/bin/pkg-config'
PKG_CONFIG_LIBDIR=''
PKG_CONFIG_PATH=''
PKIDIR='${pkgdatadir}/pki'
PYTHON='/usr/bin/python'
PYUIC4='${SHELL} /users/stud16/openv/openvswitch-1.1.0pre2/build-aux/missing --run pyuic4'
RANLIB='ranlib'
RUNDIR='${localstatedir}/run/openvswitch'
SET_MAKE=''
SHELL='/bin/bash'
SSL_CFLAGS=' '
SSL_LIBS='-lssl  '
STRIP=''
VERSION='1.1.0pre2'
WARNING_FLAGS=' -Wall -Wno-sign-compare -Wpointer-arith -Wdeclaration-after-statement -Wformat-security -Wswitch-enum -Wunused-parameter -Wstrict-aliasing -Wbad-function-cast -Wcast-align -Wstrict-prototypes -Wold-style-definition -Wmissing-prototypes -Wmissing-field-initializers -Wno-override-init'
ac_ct_CC='gcc'
am__EXEEXT_FALSE=''
am__EXEEXT_TRUE='#'
am__fastdepCC_FALSE='#'
am__fastdepCC_TRUE=''
am__include='include'
am__isrc=''
am__leading_dot='.'
am__quote=''
am__tar='${AMTAR} chof - "$$tardir"'
am__untar='${AMTAR} xf -'
bindir='${exec_prefix}/bin'
build_alias=''
datadir='${datarootdir}'
datarootdir='${prefix}/share'
docdir='${datarootdir}/doc/${PACKAGE_TARNAME}'
dvidir='${docdir}'
exec_prefix='${prefix}'
host_alias=''
htmldir='${docdir}'
includedir='${prefix}/include'
infodir='${datarootdir}/info'
install_sh='${SHELL} /users/stud16/openv/openvswitch-1.1.0pre2/build-aux/install-sh'
libdir='${exec_prefix}/lib'
libexecdir='${exec_prefix}/libexec'
localedir='${datarootdir}/locale'
localstatedir='${prefix}/var'
mandir='${datarootdir}/man'
mkdir_p='/bin/mkdir -p'
oldincludedir='/usr/include'
pdfdir='${docdir}'
prefix='/usr/local'
program_transform_name='s,x,x,'
psdir='${docdir}'
sbindir='${exec_prefix}/sbin'
sharedstatedir='${prefix}/com'
sysconfdir='${prefix}/etc'
target_alias=''

## ----------- ##
## confdefs.h. ##
## ----------- ##

/* confdefs.h */
#define PACKAGE_NAME "openvswitch"
#define PACKAGE_TARNAME "openvswitch"
#define PACKAGE_VERSION "1.1.0pre2"
#define PACKAGE_STRING "openvswitch 1.1.0pre2"
#define PACKAGE_BUGREPORT "ovs-bugs@openvswitch.org"
#define PACKAGE_URL ""
#define BUILDNR ""
#define PACKAGE "openvswitch"
#define VERSION "1.1.0pre2"
#define STDC_HEADERS 1
#define HAVE_SYS_TYPES_H 1
#define HAVE_SYS_STAT_H 1
#define HAVE_STDLIB_H 1
#define HAVE_STRING_H 1
#define HAVE_MEMORY_H 1
#define HAVE_STRINGS_H 1
#define HAVE_INTTYPES_H 1
#define HAVE_STDINT_H 1
#define HAVE_UNISTD_H 1
#define __EXTENSIONS__ 1
#define _ALL_SOURCE 1
#define _GNU_SOURCE 1
#define _POSIX_PTHREAD_SEMANTICS 1
#define _TANDEM_SOURCE 1
#define _FILE_OFFSET_BITS 64
#define HAVE_NETLINK 1
#define HAVE_OPENSSL 1
#define HAVE_IF_PACKET 1
#define HAVE_STRUCT_STAT_ST_MTIM_TV_NSEC 1
#define HAVE_MLOCKALL 1
#define HAVE_MALLOC_HOOKS 1
#define USE_LINKER_SECTIONS 1
#define HAVE_STRSIGNAL 1

configure: exit 0
